#
# There is insufficient memory for the Java Runtime Environment to continue.
# Native memory allocation (mmap) failed to map 4096000 bytes. Error detail: G1 virtual space
# Possible reasons:
#   The system is out of physical RAM or swap space
#   This process is running with CompressedOops enabled, and the Java Heap may be blocking the growth of the native heap
# Possible solutions:
#   Reduce memory load on the system
#   Increase physical memory or swap space
#   Check if swap backing store is full
#   Decrease Java heap size (-Xmx/-Xms)
#   Decrease number of Java threads
#   Decrease Java thread stack sizes (-Xss)
#   Set larger code cache with -XX:ReservedCodeCacheSize=
#   JVM is running with Zero Based Compressed Oops mode in which the Java heap is
#     placed in the first 32GB address space. The Java Heap base address is the
#     maximum limit for the native heap growth. Please use -XX:HeapBaseMinAddress
#     to set the Java Heap base and to place the Java Heap above 32GB virtual address.
# This output file may be truncated or incomplete.
#
#  Out of Memory Error (os_windows.cpp:3686), pid=8452, tid=14396
#
# JRE version:  (21.0.7+6) (build )
# Java VM: OpenJDK 64-Bit Server VM (21.0.7+6-LTS, mixed mode, sharing, tiered, compressed oops, compressed class ptrs, g1 gc, windows-amd64)
# No core dump will be written. Minidumps are not enabled by default on client versions of Windows
#

---------------  S U M M A R Y ------------

Command Line: -Dfile.encoding=UTF-8 -Dstdout.encoding=UTF-8 -Dstderr.encoding=UTF-8 --module-path=C:\Users\tombo\OneDrive\Desktop\SW Testing Project\bin -XX:+ShowCodeDetailsInExceptionMessages -Djdk.module.main=sbflTestingProject sbflTestingProject/sbflTestingProject.testingProject

Host: Intel(R) Core(TM) i7-1065G7 CPU @ 1.30GHz, 8 cores, 15G,  Windows 11 , 64 bit Build 26100 (10.0.26100.4484)
Time: Wed Jul 16 14:53:50 2025 Eastern Daylight Time elapsed time: 1.058335 seconds (0d 0h 0m 1s)

---------------  T H R E A D  ---------------

Current thread (0x000002486ae6bc00):  JavaThread "Unknown thread" [_thread_in_vm, id=14396, stack(0x000000b5ca500000,0x000000b5ca600000) (1024K)]

Stack: [0x000000b5ca500000,0x000000b5ca600000]
Native frames: (J=compiled Java code, j=interpreted, Vv=VM code, C=native code)
V  [jvm.dll+0x6ce119]
V  [jvm.dll+0x8a84a1]
V  [jvm.dll+0x8aa9ce]
V  [jvm.dll+0x8ab0b3]
V  [jvm.dll+0x27f8a6]
V  [jvm.dll+0x6ca945]
V  [jvm.dll+0x6bebea]
V  [jvm.dll+0x355eca]
V  [jvm.dll+0x35da96]
V  [jvm.dll+0x3af743]
V  [jvm.dll+0x3af9d8]
V  [jvm.dll+0x32a05c]
V  [jvm.dll+0x32abbb]
V  [jvm.dll+0x871719]
V  [jvm.dll+0x3bc501]
V  [jvm.dll+0x85a743]
V  [jvm.dll+0x45080e]
V  [jvm.dll+0x452451]
C  [jli.dll+0x5278]
C  [ucrtbase.dll+0x37b0]
C  [KERNEL32.DLL+0x2e8d7]
C  [ntdll.dll+0x3c34c]


---------------  P R O C E S S  ---------------

Threads class SMR info:
_java_thread_list=0x00007ff8743ca0c8, length=0, elements={
}

Java Threads: ( => current thread )
Total: 0

Other Threads:
  0x000002486aed42c0 WorkerThread "GC Thread#0"                     [id=19168, stack(0x000000b5ca600000,0x000000b5ca700000) (1024K)]
  0x000002486aee6250 ConcurrentGCThread "G1 Main Marker"            [id=19964, stack(0x000000b5ca700000,0x000000b5ca800000) (1024K)]
  0x000002486aee6d50 WorkerThread "G1 Conc#0"                       [id=6612, stack(0x000000b5ca800000,0x000000b5ca900000) (1024K)]

[error occurred during error reporting (printing all threads), id 0xc0000005, EXCEPTION_ACCESS_VIOLATION (0xc0000005) at pc=0x00007ff873acc987]
VM state: not at safepoint (not fully initialized)

VM Mutex/Monitor currently owned by a thread:  ([mutex/lock_event])
[0x00007ff87443e408] Heap_lock - owner thread: 0x000002486ae6bc00

Heap address: 0x0000000706600000, size: 3994 MB, Compressed Oops mode: Zero based, Oop shift amount: 3

CDS archive(s) mapped at: [0x0000000000000000-0x0000000000000000-0x0000000000000000), size 0, SharedBaseAddress: 0x0000000800000000, ArchiveRelocationMode: 1.
Narrow klass base: 0x0000000000000000, Narrow klass shift: 0, Narrow klass range: 0x0

GC Precious Log:
 CardTable entry size: 512
 Card Set container configuration: InlinePtr #cards 4 size 8 Array Of Cards #cards 16 size 48 Howl #buckets 8 coarsen threshold 3686 Howl Bitmap #cards 512 size 80 coarsen threshold 460 Card regions per heap region 1 cards per card region 4096

Heap:
 garbage-first heap   total 0K, used 0K [0x0000000706600000, 0x0000000800000000)
  region size 2048K, 0 young (0K), 0 survivors (0K)

[error occurred during error reporting (printing heap information), id 0xc0000005, EXCEPTION_ACCESS_VIOLATION (0xc0000005) at pc=0x00007ff873eb7949]
GC Heap History (0 events):
No events

Dll operation events (1 events):
Event: 0.009 Loaded shared library C:\Users\tombo\.p2\pool\plugins\org.eclipse.justj.openjdk.hotspot.jre.full.win32.x86_64_21.0.7.v20250502-0916\jre\bin\java.dll

Deoptimization events (0 events):
No events

Classes loaded (0 events):
No events

Classes unloaded (0 events):
No events

Classes redefined (0 events):
No events

Internal exceptions (0 events):
No events

ZGC Phase Switch (0 events):
No events

VM Operations (0 events):
No events

Memory protections (0 events):
No events

Nmethod flushes (0 events):
No events

Events (0 events):
No events


Dynamic libraries:
0x00007ff7ccbd0000 - 0x00007ff7ccbde000 	C:\Users\tombo\.p2\pool\plugins\org.eclipse.justj.openjdk.hotspot.jre.full.win32.x86_64_21.0.7.v20250502-0916\jre\bin\javaw.exe
0x00007ff8dbf80000 - 0x00007ff8dc1e8000 	C:\WINDOWS\SYSTEM32\ntdll.dll
0x00007ff8da0b0000 - 0x00007ff8da179000 	C:\WINDOWS\System32\KERNEL32.DLL
0x00007ff8d90d0000 - 0x00007ff8d94bd000 	C:\WINDOWS\System32\KERNELBASE.dll
0x00007ff8d6080000 - 0x00007ff8d611e000 	C:\WINDOWS\SYSTEM32\apphelp.dll
0x00007ff8d9bd0000 - 0x00007ff8d9d1b000 	C:\WINDOWS\System32\ucrtbase.dll
0x00007ff8c9570000 - 0x00007ff8c9588000 	C:\Users\tombo\.p2\pool\plugins\org.eclipse.justj.openjdk.hotspot.jre.full.win32.x86_64_21.0.7.v20250502-0916\jre\bin\jli.dll
0x00007ff8cd540000 - 0x00007ff8cd55e000 	C:\Users\tombo\.p2\pool\plugins\org.eclipse.justj.openjdk.hotspot.jre.full.win32.x86_64_21.0.7.v20250502-0916\jre\bin\VCRUNTIME140.dll
0x00007ff8daf50000 - 0x00007ff8db11c000 	C:\WINDOWS\System32\USER32.dll
0x00007ff8d9b00000 - 0x00007ff8d9b27000 	C:\WINDOWS\System32\win32u.dll
0x00007ff8c6290000 - 0x00007ff8c652a000 	C:\WINDOWS\WinSxS\amd64_microsoft.windows.common-controls_6595b64144ccf1df_6.0.26100.4484_none_3e0e6d4ce32ef3b3\COMCTL32.dll
0x00007ff8dba50000 - 0x00007ff8dba7b000 	C:\WINDOWS\System32\GDI32.dll
0x00007ff8dbd40000 - 0x00007ff8dbde9000 	C:\WINDOWS\System32\msvcrt.dll
0x00007ff8d99c0000 - 0x00007ff8d9af7000 	C:\WINDOWS\System32\gdi32full.dll
0x00007ff8d94c0000 - 0x00007ff8d9563000 	C:\WINDOWS\System32\msvcp_win.dll
0x00007ff8da210000 - 0x00007ff8da23f000 	C:\WINDOWS\System32\IMM32.DLL
0x00007ff8d6050000 - 0x00007ff8d605c000 	C:\Users\tombo\.p2\pool\plugins\org.eclipse.justj.openjdk.hotspot.jre.full.win32.x86_64_21.0.7.v20250502-0916\jre\bin\vcruntime140_1.dll
0x00007ff8b58a0000 - 0x00007ff8b592d000 	C:\Users\tombo\.p2\pool\plugins\org.eclipse.justj.openjdk.hotspot.jre.full.win32.x86_64_21.0.7.v20250502-0916\jre\bin\msvcp140.dll
0x00007ff873790000 - 0x00007ff874520000 	C:\Users\tombo\.p2\pool\plugins\org.eclipse.justj.openjdk.hotspot.jre.full.win32.x86_64_21.0.7.v20250502-0916\jre\bin\server\jvm.dll
0x00007ff8db990000 - 0x00007ff8dba44000 	C:\WINDOWS\System32\ADVAPI32.dll
0x00007ff8db4b0000 - 0x00007ff8db556000 	C:\WINDOWS\System32\sechost.dll
0x00007ff8db810000 - 0x00007ff8db928000 	C:\WINDOWS\System32\RPCRT4.dll
0x00007ff8da770000 - 0x00007ff8da7e4000 	C:\WINDOWS\System32\WS2_32.dll
0x00007ff8d8f20000 - 0x00007ff8d8f7e000 	C:\WINDOWS\SYSTEM32\POWRPROF.dll
0x00007ff8c6530000 - 0x00007ff8c6565000 	C:\WINDOWS\SYSTEM32\WINMM.dll
0x00007ff8c9530000 - 0x00007ff8c953b000 	C:\WINDOWS\SYSTEM32\VERSION.dll
0x00007ff8d8f00000 - 0x00007ff8d8f14000 	C:\WINDOWS\SYSTEM32\UMPDC.dll
0x00007ff8d7e70000 - 0x00007ff8d7e8b000 	C:\WINDOWS\SYSTEM32\kernel.appcore.dll
0x00007ff8d6040000 - 0x00007ff8d604a000 	C:\Users\tombo\.p2\pool\plugins\org.eclipse.justj.openjdk.hotspot.jre.full.win32.x86_64_21.0.7.v20250502-0916\jre\bin\jimage.dll
0x00007ff8c9ee0000 - 0x00007ff8ca121000 	C:\WINDOWS\SYSTEM32\DBGHELP.DLL
0x00007ff8d9d20000 - 0x00007ff8da0a6000 	C:\WINDOWS\System32\combase.dll
0x00007ff8dbdf0000 - 0x00007ff8dbed0000 	C:\WINDOWS\System32\OLEAUT32.dll
0x00007ff8c0e10000 - 0x00007ff8c0e53000 	C:\WINDOWS\SYSTEM32\dbgcore.DLL
0x00007ff8d9b30000 - 0x00007ff8d9bc9000 	C:\WINDOWS\System32\bcryptPrimitives.dll
0x00007ff8d3bd0000 - 0x00007ff8d3bef000 	C:\Users\tombo\.p2\pool\plugins\org.eclipse.justj.openjdk.hotspot.jre.full.win32.x86_64_21.0.7.v20250502-0916\jre\bin\java.dll

dbghelp: loaded successfully - version: 4.0.5 - missing functions: none
symbol engine: initialized successfully - sym options: 0x614 - pdb path: .;C:\Users\tombo\.p2\pool\plugins\org.eclipse.justj.openjdk.hotspot.jre.full.win32.x86_64_21.0.7.v20250502-0916\jre\bin;C:\WINDOWS\SYSTEM32;C:\WINDOWS\WinSxS\amd64_microsoft.windows.common-controls_6595b64144ccf1df_6.0.26100.4484_none_3e0e6d4ce32ef3b3;C:\Users\tombo\.p2\pool\plugins\org.eclipse.justj.openjdk.hotspot.jre.full.win32.x86_64_21.0.7.v20250502-0916\jre\bin\server

VM Arguments:
jvm_args: -Dfile.encoding=UTF-8 -Dstdout.encoding=UTF-8 -Dstderr.encoding=UTF-8 --module-path=C:\Users\tombo\OneDrive\Desktop\SW Testing Project\bin -XX:+ShowCodeDetailsInExceptionMessages -Djdk.module.main=sbflTestingProject 
java_command: sbflTestingProject/sbflTestingProject.testingProject
java_class_path (initial): <not set>
Launcher Type: SUN_STANDARD

[Global flags]
     intx CICompilerCount                          = 4                                         {product} {ergonomic}
     uint ConcGCThreads                            = 2                                         {product} {ergonomic}
     uint G1ConcRefinementThreads                  = 8                                         {product} {ergonomic}
   size_t G1HeapRegionSize                         = 2097152                                   {product} {ergonomic}
    uintx GCDrainStackTargetSize                   = 64                                        {product} {ergonomic}
   size_t InitialHeapSize                          = 262144000                                 {product} {ergonomic}
   size_t MarkStackSize                            = 4194304                                   {product} {ergonomic}
   size_t MaxHeapSize                              = 4188012544                                {product} {ergonomic}
   size_t MinHeapDeltaBytes                        = 2097152                                   {product} {ergonomic}
   size_t MinHeapSize                              = 8388608                                   {product} {ergonomic}
    uintx NonNMethodCodeHeapSize                   = 5839372                                {pd product} {ergonomic}
    uintx NonProfiledCodeHeapSize                  = 122909434                              {pd product} {ergonomic}
    uintx ProfiledCodeHeapSize                     = 122909434                              {pd product} {ergonomic}
    uintx ReservedCodeCacheSize                    = 251658240                              {pd product} {ergonomic}
     bool SegmentedCodeCache                       = true                                      {product} {ergonomic}
     bool ShowCodeDetailsInExceptionMessages       = true                                   {manageable} {command line}
   size_t SoftMaxHeapSize                          = 4188012544                             {manageable} {ergonomic}
     bool UseCompressedOops                        = true                           {product lp64_product} {ergonomic}
     bool UseG1GC                                  = true                                      {product} {ergonomic}
     bool UseLargePagesIndividualAllocation        = false                                  {pd product} {ergonomic}

Logging:
Log output configuration:
 #0: stdout all=warning uptime,level,tags foldmultilines=false
 #1: stderr all=off uptime,level,tags foldmultilines=false

Environment Variables:
PATH=C:/Users/tombo/.p2/pool/plugins/org.eclipse.justj.openjdk.hotspot.jre.full.win32.x86_64_21.0.7.v20250502-0916/jre/bin/server;C:/Users/tombo/.p2/pool/plugins/org.eclipse.justj.openjdk.hotspot.jre.full.win32.x86_64_21.0.7.v20250502-0916/jre/bin;C:\Program Files\Common Files\Oracle\Java\javapath;C:\Program Files\Microsoft SDKs\Azure\CLI2\wbin;C:\Python313\Scripts\;C:\Python313\;C:\Python312\Scripts\;C:\Python312\;C:\WINDOWS\system32;C:\WINDOWS;C:\WINDOWS\System32\Wbem;C:\WINDOWS\System32\WindowsPowerShell\v1.0\;C:\WINDOWS\System32\OpenSSH\;C:\Program Files\Git\cmd;C:\Program Files\Inkscape\bin;C:\ProgramData\chocolatey\bin;C:\Program Files\dotnet\;C:\Program Files (x86)\Windows Kits\10\Windows Performance Toolkit\;C:\Users\tombo\AppData\Local\nvm;C:\nvm4w\nodejs;C:\Program Files (x86)\Microsoft SQL Server\160\DTS\Binn\;C:\Program Files\Amazon\AWSCLIV2\;C:\Program Files\MySQL\MySQL Shell 8.0\bin\;C:\Users\tombo\AppData\Local\Programs\Python\Launcher\;C:\Users\tombo\AppData\Local\Microsoft\WindowsApps;C:\Users\tombo\AppData\Local\Programs\Microsoft VS Code\bin;C:\Program Files\Java\jdk-24\bin;C:\Users\tombo\AppData\Roaming\npm;C:\Users\tombo\.dotnet\tools;C:\Users\tombo\AppData\Roaming\npm;C:\Users\tombo\AppData\Local\nvm;C:\nvm4w\nodejs;C:\Users\tombo\AppData\Roaming\Python\Python313\Scripts;D:\Azure Data Studio\bin;C:\Users\tombo\OneDrive\Desktop\Maven\apache-maven-3.9.10\bin;;C:\Users\tombo\eclipse\java-2025-062\eclipse;
USERNAME=tombo
OS=Windows_NT
PROCESSOR_IDENTIFIER=Intel64 Family 6 Model 126 Stepping 5, GenuineIntel
TMP=C:\Users\tombo\AppData\Local\Temp
TEMP=C:\Users\tombo\AppData\Local\Temp




Periodic native trim disabled

---------------  S Y S T E M  ---------------

OS:
 Windows 11 , 64 bit Build 26100 (10.0.26100.4484)
OS uptime: 0 days 15:43 hours
Hyper-V role detected

CPU: total 8 (initial active 8) (4 cores per cpu, 2 threads per core) family 6 model 126 stepping 5 microcode 0xc6, cx8, cmov, fxsr, ht, mmx, 3dnowpref, sse, sse2, sse3, ssse3, sse4.1, sse4.2, popcnt, lzcnt, tsc, tscinvbit, avx, avx2, aes, erms, clmul, bmi1, bmi2, adx, avx512f, avx512dq, avx512cd, avx512bw, avx512vl, sha, fma, vzeroupper, avx512_vpopcntdq, avx512_vpclmulqdq, avx512_vaes, avx512_vnni, clflush, clflushopt, avx512_vbmi2, avx512_vbmi, hv, rdtscp, rdpid, fsrm, gfni, avx512_bitalg, f16c, avx512_ifma
Processor Information for processor 0
  Max Mhz: 1498, Current Mhz: 998, Mhz Limit: 1288
Processor Information for processor 1
  Max Mhz: 1498, Current Mhz: 1298, Mhz Limit: 1288
Processor Information for processor 2
  Max Mhz: 1498, Current Mhz: 998, Mhz Limit: 1288
Processor Information for processor 3
  Max Mhz: 1498, Current Mhz: 1298, Mhz Limit: 1288
Processor Information for processor 4
  Max Mhz: 1498, Current Mhz: 1298, Mhz Limit: 1288
Processor Information for processor 5
  Max Mhz: 1498, Current Mhz: 1298, Mhz Limit: 1288
Processor Information for processor 6
  Max Mhz: 1498, Current Mhz: 1298, Mhz Limit: 1288
Processor Information for processor 7
  Max Mhz: 1498, Current Mhz: 1298, Mhz Limit: 1288

Memory: 4k page, system-wide physical 15970M (1622M free)
TotalPageFile size 24162M (AvailPageFile size 5M)
current process WorkingSet (physical memory assigned to process): 13M, peak: 13M
current process commit charge ("private bytes"): 311M, peak: 315M

vm_info: OpenJDK 64-Bit Server VM (21.0.7+6-LTS) for windows-amd64 JRE (21.0.7+6-LTS), built on 2025-04-15T00:00:00Z by "admin" with MS VC++ 17.7 (VS2022)

END.
